<?xml version="1.0" encoding="UTF-8"?>
<testsuite xmlns:xsi="http://www.w3.org/2001/XMLSchema-instance" xsi:noNamespaceSchemaLocation="https://maven.apache.org/surefire/maven-surefire-plugin/xsd/surefire-test-report-3.0.xsd" version="3.0" name="TestSuite" time="86.173" tests="5" errors="0" skipped="0" failures="3">
  <properties>
[...]
</properties>
  <testcase name="login" classname="Testsleepy.logintest" time="32.271">
    <system-out><![CDATA[Incorrect login credentials
]]></system-out>
    <system-err><![CDATA[[Fatal Error] log4j2.xml:2:6: The processing instruction target matching "[xX][mM][lL]" is not allowed.
ERROR StatusLogger Error parsing C:\Users\user\eclipse-workspaceNew\Sleeycatcomplete\target\classes\log4j2.xml
 org.xml.sax.SAXParseException; systemId: file:///C:/Users/user/eclipse-workspaceNew/Sleeycatcomplete/target/classes/log4j2.xml; lineNumber: 2; columnNumber: 6; The processing instruction target matching "[xX][mM][lL]" is not allowed.
	at java.xml/com.sun.org.apache.xerces.internal.parsers.DOMParser.parse(DOMParser.java:261)
	at java.xml/com.sun.org.apache.xerces.internal.jaxp.DocumentBuilderImpl.parse(DocumentBuilderImpl.java:339)
	at org.apache.logging.log4j.core.config.xml.XmlConfiguration.<init>(XmlConfiguration.java:92)
	at org.apache.logging.log4j.core.config.xml.XmlConfigurationFactory.getConfiguration(XmlConfigurationFactory.java:46)
	at org.apache.logging.log4j.core.config.ConfigurationFactory$Factory.getConfiguration(ConfigurationFactory.java:558)
	at org.apache.logging.log4j.core.config.ConfigurationFactory$Factory.getConfiguration(ConfigurationFactory.java:482)
	at org.apache.logging.log4j.core.config.ConfigurationFactory.getConfiguration(ConfigurationFactory.java:322)
	at org.apache.logging.log4j.core.LoggerContext.reconfigure(LoggerContext.java:696)
	at org.apache.logging.log4j.core.LoggerContext.reconfigure(LoggerContext.java:717)
	at org.apache.logging.log4j.core.LoggerContext.start(LoggerContext.java:272)
	at org.apache.logging.log4j.core.impl.Log4jContextFactory.getContext(Log4jContextFactory.java:245)
	at org.apache.logging.log4j.core.impl.Log4jContextFactory.getContext(Log4jContextFactory.java:47)
	at org.apache.logging.log4j.LogManager.getContext(LogManager.java:176)
	at org.apache.logging.log4j.LogManager.getLogger(LogManager.java:666)
	at Testsleepy.Addtocartflow.<clinit>(Addtocartflow.java:24)
	at java.base/jdk.internal.reflect.NativeConstructorAccessorImpl.newInstance0(Native Method)
	at java.base/jdk.internal.reflect.NativeConstructorAccessorImpl.newInstance(NativeConstructorAccessorImpl.java:62)
	at java.base/jdk.internal.reflect.DelegatingConstructorAccessorImpl.newInstance(DelegatingConstructorAccessorImpl.java:45)
	at java.base/java.lang.reflect.Constructor.newInstance(Constructor.java:490)
	at org.testng.internal.ObjectFactoryImpl.newInstance(ObjectFactoryImpl.java:23)
	at org.testng.internal.InstanceCreator.instantiateUsingDefaultConstructor(InstanceCreator.java:193)
	at org.testng.internal.InstanceCreator.createInstanceUsingObjectFactory(InstanceCreator.java:113)
	at org.testng.internal.InstanceCreator.createInstance(InstanceCreator.java:79)
	at org.testng.internal.objects.SimpleObjectDispenser.dispense(SimpleObjectDispenser.java:25)
	at org.testng.internal.objects.GuiceBasedObjectDispenser.dispense(GuiceBasedObjectDispenser.java:30)
	at org.testng.internal.ClassImpl.getDefaultInstance(ClassImpl.java:112)
	at org.testng.internal.ClassImpl.getInstances(ClassImpl.java:165)
	at org.testng.TestClass.getInstances(TestClass.java:122)
	at org.testng.TestClass.initTestClassesAndInstances(TestClass.java:102)
	at org.testng.TestClass.init(TestClass.java:94)
	at org.testng.TestClass.<init>(TestClass.java:59)
	at org.testng.TestRunner.initMethods(TestRunner.java:463)
	at org.testng.TestRunner.init(TestRunner.java:339)
	at org.testng.TestRunner.init(TestRunner.java:292)
	at org.testng.TestRunner.<init>(TestRunner.java:183)
	at org.testng.SuiteRunner$DefaultTestRunnerFactory.newTestRunner(SuiteRunner.java:596)
	at org.testng.SuiteRunner.init(SuiteRunner.java:173)
	at org.testng.SuiteRunner.<init>(SuiteRunner.java:107)
	at org.testng.TestNG.createSuiteRunner(TestNG.java:1300)
	at org.testng.TestNG.createSuiteRunners(TestNG.java:1276)
	at org.testng.TestNG.runSuitesLocally(TestNG.java:1125)
	at org.testng.TestNG.runSuites(TestNG.java:1063)
	at org.testng.TestNG.run(TestNG.java:1031)
	at org.apache.maven.surefire.testng.TestNGExecutor.run(TestNGExecutor.java:284)
	at org.apache.maven.surefire.testng.TestNGXmlTestSuite.execute(TestNGXmlTestSuite.java:75)
	at org.apache.maven.surefire.testng.TestNGProvider.invoke(TestNGProvider.java:119)
	at org.apache.maven.surefire.booter.ForkedBooter.runSuitesInProcess(ForkedBooter.java:428)
	at org.apache.maven.surefire.booter.ForkedBooter.execute(ForkedBooter.java:162)
	at org.apache.maven.surefire.booter.ForkedBooter.run(ForkedBooter.java:562)
	at org.apache.maven.surefire.booter.ForkedBooter.main(ForkedBooter.java:548)
ERROR StatusLogger No logging configuration
Starting ChromeDriver 90.0.4430.24 (4c6d850f087da467d926e8eddb76550aed655991-refs/branch-heads/4430@{#429}) on port 38743
Only local connections are allowed.
Please see https://chromedriver.chromium.org/security-considerations for suggestions on keeping ChromeDriver safe.
ChromeDriver was started successfully.
[1627022574.552][WARNING]: Deprecated chrome option is ignored: useAutomationExtension
[1627022574.552][WARNING]: Deprecated chrome option is ignored: useAutomationExtension
[1627022575.083][WARNING]: This version of ChromeDriver has not been tested with Chrome version 91.
Jul 23, 2021 12:12:55 PM org.openqa.selenium.remote.ProtocolHandshake createSession
INFO: Detected dialect: W3C
Starting ChromeDriver 90.0.4430.24 (4c6d850f087da467d926e8eddb76550aed655991-refs/branch-heads/4430@{#429}) on port 35229
Only local connections are allowed.
Please see https://chromedriver.chromium.org/security-considerations for suggestions on keeping ChromeDriver safe.
ChromeDriver was started successfully.
[1627022575.744][WARNING]: Deprecated chrome option is ignored: useAutomationExtension
[1627022575.744][WARNING]: Deprecated chrome option is ignored: useAutomationExtension
[1627022577.182][WARNING]: This version of ChromeDriver has not been tested with Chrome version 91.
Jul 23, 2021 12:12:57 PM org.openqa.selenium.remote.ProtocolHandshake createSession
INFO: Detected dialect: W3C
Starting ChromeDriver 90.0.4430.24 (4c6d850f087da467d926e8eddb76550aed655991-refs/branch-heads/4430@{#429}) on port 25993
Only local connections are allowed.
Please see https://chromedriver.chromium.org/security-considerations for suggestions on keeping ChromeDriver safe.
ChromeDriver was started successfully.
[1627022577.765][WARNING]: Deprecated chrome option is ignored: useAutomationExtension
[1627022577.765][WARNING]: Deprecated chrome option is ignored: useAutomationExtension
[1627022578.778][WARNING]: This version of ChromeDriver has not been tested with Chrome version 91.
Jul 23, 2021 12:12:58 PM org.openqa.selenium.remote.ProtocolHandshake createSession
INFO: Detected dialect: W3C
Starting ChromeDriver 90.0.4430.24 (4c6d850f087da467d926e8eddb76550aed655991-refs/branch-heads/4430@{#429}) on port 11671
Only local connections are allowed.
Please see https://chromedriver.chromium.org/security-considerations for suggestions on keeping ChromeDriver safe.
ChromeDriver was started successfully.
[1627022579.335][WARNING]: Deprecated chrome option is ignored: useAutomationExtension
[1627022579.335][WARNING]: Deprecated chrome option is ignored: useAutomationExtension
[1627022580.513][WARNING]: This version of ChromeDriver has not been tested with Chrome version 91.
Jul 23, 2021 12:13:00 PM org.openqa.selenium.remote.ProtocolHandshake createSession
INFO: Detected dialect: W3C
Starting ChromeDriver 90.0.4430.24 (4c6d850f087da467d926e8eddb76550aed655991-refs/branch-heads/4430@{#429}) on port 5614
Only local connections are allowed.
Please see https://chromedriver.chromium.org/security-considerations for suggestions on keeping ChromeDriver safe.
ChromeDriver was started successfully.
[1627022581.110][WARNING]: Deprecated chrome option is ignored: useAutomationExtension
[1627022581.110][WARNING]: Deprecated chrome option is ignored: useAutomationExtension
[1627022582.587][WARNING]: This version of ChromeDriver has not been tested with Chrome version 91.
Jul 23, 2021 12:13:02 PM org.openqa.selenium.remote.ProtocolHandshake createSession
INFO: Detected dialect: W3C
]]></system-err>
  </testcase>
  <testcase name="forgetflow" classname="Testsleepy.forgetpassword" time="13.874">
    <failure message="no such window: target window already closed&#10;from unknown error: web view not found&#10;  (Session info: chrome=91.0.4472.124)&#10;Build info: version: &apos;3.141.59&apos;, revision: &apos;e82be7d358&apos;, time: &apos;2018-11-14T08:17:03&apos;&#10;System info: host: &apos;DESKTOP-8P1SJ7B&apos;, ip: &apos;192.168.0.108&apos;, os.name: &apos;Windows 10&apos;, os.arch: &apos;amd64&apos;, os.version: &apos;10.0&apos;, java.version: &apos;11.0.10&apos;&#10;Driver info: org.openqa.selenium.chrome.ChromeDriver&#10;Capabilities {acceptInsecureCerts: false, browserName: chrome, browserVersion: 91.0.4472.124, chrome: {chromedriverVersion: 90.0.4430.24 (4c6d850f087da..., userDataDir: C:\Users\user\AppData\Local...}, goog:chromeOptions: {debuggerAddress: localhost:62936}, javascriptEnabled: true, networkConnectionEnabled: false, pageLoadStrategy: normal, platform: WINDOWS, platformName: WINDOWS, proxy: Proxy(), setWindowRect: true, strictFileInteractability: false, timeouts: {implicit: 0, pageLoad: 300000, script: 30000}, unhandledPromptBehavior: dismiss and notify, webauthn:extension:largeBlob: true, webauthn:virtualAuthenticators: true}&#10;Session ID: 4bcc101e62f27c541a780b56eb3289b1&#10;*** Element info: {Using=xpath, value=//a[text()=&apos;Login&apos;]}" type="org.openqa.selenium.NoSuchWindowException"><![CDATA[org.openqa.selenium.NoSuchWindowException: 
no such window: target window already closed
from unknown error: web view not found
  (Session info: chrome=91.0.4472.124)
Build info: version: '3.141.59', revision: 'e82be7d358', time: '2018-11-14T08:17:03'
System info: host: 'DESKTOP-8P1SJ7B', ip: '192.168.0.108', os.name: 'Windows 10', os.arch: 'amd64', os.version: '10.0', java.version: '11.0.10'
Driver info: org.openqa.selenium.chrome.ChromeDriver
Capabilities {acceptInsecureCerts: false, browserName: chrome, browserVersion: 91.0.4472.124, chrome: {chromedriverVersion: 90.0.4430.24 (4c6d850f087da..., userDataDir: C:\Users\user\AppData\Local...}, goog:chromeOptions: {debuggerAddress: localhost:62936}, javascriptEnabled: true, networkConnectionEnabled: false, pageLoadStrategy: normal, platform: WINDOWS, platformName: WINDOWS, proxy: Proxy(), setWindowRect: true, strictFileInteractability: false, timeouts: {implicit: 0, pageLoad: 300000, script: 30000}, unhandledPromptBehavior: dismiss and notify, webauthn:extension:largeBlob: true, webauthn:virtualAuthenticators: true}
Session ID: 4bcc101e62f27c541a780b56eb3289b1
*** Element info: {Using=xpath, value=//a[text()='Login']}
	at Testsleepy.forgetpassword.forgetflow(forgetpassword.java:31)
]]></failure>
    <system-out><![CDATA[Model 2 error :org.openqa.selenium.NoSuchElementException: Cannot locate an element using xpath=//*[@class='soundest-form-without-image-close ']
For documentation on this error, please visit: https://www.seleniumhq.org/exceptions/no_such_element.html
Build info: version: '3.141.59', revision: 'e82be7d358', time: '2018-11-14T08:17:03'
System info: host: 'DESKTOP-8P1SJ7B', ip: '192.168.0.108', os.name: 'Windows 10', os.arch: 'amd64', os.version: '10.0', java.version: '11.0.10'
Driver info: driver.version: RemoteWebDriver
]]></system-out>
  </testcase>
  <testcase name="land" classname="Testsleepy.Homepage" time="9.066">
    <failure message="element click intercepted: Element &lt;a href=&quot;/login&quot; target=&quot;_blank&quot;&gt;...&lt;/a&gt; is not clickable at point (1304, 16). Other element would receive the click: &lt;div class=&quot;soundest-form-without-image-overlay soundest-form-without-image-animated&quot;&gt;&lt;/div&gt;&#10;  (Session info: chrome=91.0.4472.124)&#10;Build info: version: &apos;3.141.59&apos;, revision: &apos;e82be7d358&apos;, time: &apos;2018-11-14T08:17:03&apos;&#10;System info: host: &apos;DESKTOP-8P1SJ7B&apos;, ip: &apos;192.168.0.108&apos;, os.name: &apos;Windows 10&apos;, os.arch: &apos;amd64&apos;, os.version: &apos;10.0&apos;, java.version: &apos;11.0.10&apos;&#10;Driver info: org.openqa.selenium.chrome.ChromeDriver&#10;Capabilities {acceptInsecureCerts: false, browserName: chrome, browserVersion: 91.0.4472.124, chrome: {chromedriverVersion: 90.0.4430.24 (4c6d850f087da..., userDataDir: C:\Users\user\AppData\Local...}, goog:chromeOptions: {debuggerAddress: localhost:58653}, javascriptEnabled: true, networkConnectionEnabled: false, pageLoadStrategy: normal, platform: WINDOWS, platformName: WINDOWS, proxy: Proxy(), setWindowRect: true, strictFileInteractability: false, timeouts: {implicit: 0, pageLoad: 300000, script: 30000}, unhandledPromptBehavior: dismiss and notify, webauthn:extension:largeBlob: true, webauthn:virtualAuthenticators: true}&#10;Session ID: ffbb4c208350b2982d82baa822b18c3b" type="org.openqa.selenium.ElementClickInterceptedException"><![CDATA[org.openqa.selenium.ElementClickInterceptedException: 
element click intercepted: Element <a href="/login" target="_blank">...</a> is not clickable at point (1304, 16). Other element would receive the click: <div class="soundest-form-without-image-overlay soundest-form-without-image-animated"></div>
  (Session info: chrome=91.0.4472.124)
Build info: version: '3.141.59', revision: 'e82be7d358', time: '2018-11-14T08:17:03'
System info: host: 'DESKTOP-8P1SJ7B', ip: '192.168.0.108', os.name: 'Windows 10', os.arch: 'amd64', os.version: '10.0', java.version: '11.0.10'
Driver info: org.openqa.selenium.chrome.ChromeDriver
Capabilities {acceptInsecureCerts: false, browserName: chrome, browserVersion: 91.0.4472.124, chrome: {chromedriverVersion: 90.0.4430.24 (4c6d850f087da..., userDataDir: C:\Users\user\AppData\Local...}, goog:chromeOptions: {debuggerAddress: localhost:58653}, javascriptEnabled: true, networkConnectionEnabled: false, pageLoadStrategy: normal, platform: WINDOWS, platformName: WINDOWS, proxy: Proxy(), setWindowRect: true, strictFileInteractability: false, timeouts: {implicit: 0, pageLoad: 300000, script: 30000}, unhandledPromptBehavior: dismiss and notify, webauthn:extension:largeBlob: true, webauthn:virtualAuthenticators: true}
Session ID: ffbb4c208350b2982d82baa822b18c3b
	at Testsleepy.Homepage.land(Homepage.java:31)
]]></failure>
  </testcase>
  <testcase name="addtocart" classname="Testsleepy.Addtocartflow" time="7.945">
    <system-out><![CDATA[Failed at this pointorg.openqa.selenium.WebDriverException: unknown error: failed to change window state to 'normal', current state is 'maximized'
  (Session info: chrome=91.0.4472.124)
Build info: version: '3.141.59', revision: 'e82be7d358', time: '2018-11-14T08:17:03'
System info: host: 'DESKTOP-8P1SJ7B', ip: '192.168.0.108', os.name: 'Windows 10', os.arch: 'amd64', os.version: '10.0', java.version: '11.0.10'
Driver info: org.openqa.selenium.chrome.ChromeDriver
Capabilities {acceptInsecureCerts: false, browserName: chrome, browserVersion: 91.0.4472.124, chrome: {chromedriverVersion: 90.0.4430.24 (4c6d850f087da..., userDataDir: C:\Users\user\AppData\Local...}, goog:chromeOptions: {debuggerAddress: localhost:51090}, javascriptEnabled: true, networkConnectionEnabled: false, pageLoadStrategy: normal, platform: WINDOWS, platformName: WINDOWS, proxy: Proxy(), setWindowRect: true, strictFileInteractability: false, timeouts: {implicit: 0, pageLoad: 300000, script: 30000}, unhandledPromptBehavior: dismiss and notify, webauthn:extension:largeBlob: true, webauthn:virtualAuthenticators: true}
Session ID: 41eb231235c78bc9fee20174f354ae2f
]]></system-out>
  </testcase>
  <testcase name="footerlink" classname="Testsleepy.footerlinkTest" time="12.085">
    <failure message="chrome not reachable&#10;  (Session info: chrome=91.0.4472.124)&#10;Build info: version: &apos;3.141.59&apos;, revision: &apos;e82be7d358&apos;, time: &apos;2018-11-14T08:17:03&apos;&#10;System info: host: &apos;DESKTOP-8P1SJ7B&apos;, ip: &apos;192.168.0.108&apos;, os.name: &apos;Windows 10&apos;, os.arch: &apos;amd64&apos;, os.version: &apos;10.0&apos;, java.version: &apos;11.0.10&apos;&#10;Driver info: org.openqa.selenium.chrome.ChromeDriver&#10;Capabilities {acceptInsecureCerts: false, browserName: chrome, browserVersion: 91.0.4472.124, chrome: {chromedriverVersion: 90.0.4430.24 (4c6d850f087da..., userDataDir: C:\Users\user\AppData\Local...}, goog:chromeOptions: {debuggerAddress: localhost:52907}, javascriptEnabled: true, networkConnectionEnabled: false, pageLoadStrategy: normal, platform: WINDOWS, platformName: WINDOWS, proxy: Proxy(), setWindowRect: true, strictFileInteractability: false, timeouts: {implicit: 0, pageLoad: 300000, script: 30000}, unhandledPromptBehavior: dismiss and notify, webauthn:extension:largeBlob: true, webauthn:virtualAuthenticators: true}&#10;Session ID: 45face0b5104433f958a38302c615076" type="org.openqa.selenium.WebDriverException"><![CDATA[org.openqa.selenium.WebDriverException: 
chrome not reachable
  (Session info: chrome=91.0.4472.124)
Build info: version: '3.141.59', revision: 'e82be7d358', time: '2018-11-14T08:17:03'
System info: host: 'DESKTOP-8P1SJ7B', ip: '192.168.0.108', os.name: 'Windows 10', os.arch: 'amd64', os.version: '10.0', java.version: '11.0.10'
Driver info: org.openqa.selenium.chrome.ChromeDriver
Capabilities {acceptInsecureCerts: false, browserName: chrome, browserVersion: 91.0.4472.124, chrome: {chromedriverVersion: 90.0.4430.24 (4c6d850f087da..., userDataDir: C:\Users\user\AppData\Local...}, goog:chromeOptions: {debuggerAddress: localhost:52907}, javascriptEnabled: true, networkConnectionEnabled: false, pageLoadStrategy: normal, platform: WINDOWS, platformName: WINDOWS, proxy: Proxy(), setWindowRect: true, strictFileInteractability: false, timeouts: {implicit: 0, pageLoad: 300000, script: 30000}, unhandledPromptBehavior: dismiss and notify, webauthn:extension:largeBlob: true, webauthn:virtualAuthenticators: true}
Session ID: 45face0b5104433f958a38302c615076
	at Testsleepy.footerlinkTest.footerlink(footerlinkTest.java:32)
]]></failure>
    <system-err><![CDATA[[1627022650.040][WARNING]: Timed out connecting to Chrome, retrying...
]]></system-err>
  </testcase>
</testsuite>